[14-Feb-2021 11:40:46 AM UTC] cURL Error #:Could not resolve host: api-eu1.tatum.io in Request
[14-Feb-2021 11:48:10 AM UTC] cURL Error #:Could not resolve host: api-eu1.tatum.io in Request
[14-Feb-2021 11:48:39 AM UTC] cURL Error #:Could not resolve host: api-eu1.tatum.io in Request
[14-Feb-2021 11:49:14 AM UTC] cURL Error #:Could not resolve host: api-eu1.tatum.io in Request
[14-Feb-2021 11:49:17 AM UTC] cURL Error #:Could not resolve host: api-eu1.tatum.io in Request
[14-Feb-2021 11:49:18 AM UTC] cURL Error #:Could not resolve host: api-eu1.tatum.io in Request
[16-Feb-2021 11:15:29 AM UTC] cURL Error #:Failed to connect to ethgasstation.info port 443: Operation timed out in Request
[16-Feb-2021 11:16:14 AM UTC] cURL Error #:Operation timed out after 30003 milliseconds with 0 out of 0 bytes received in Request
[18-Feb-2021 03:17:47 PM UTC] cURL Error #:Operation timed out after 30003 milliseconds with 0 out of 0 bytes received in Request
[18-Feb-2021 03:54:58 PM UTC] cURL Error #:Operation timed out after 30003 milliseconds with 0 out of 0 bytes received in Request
[18-Feb-2021 08:48:32 PM UTC] cURL Error #:OpenSSL SSL_connect: Connection reset by peer in connection to api-eu1.tatum.io:443  in Request
[18-Feb-2021 08:52:35 PM UTC] cURL Error #:OpenSSL SSL_connect: Connection reset by peer in connection to api-eu1.tatum.io:443  in Request
[19-Feb-2021 11:27:56 AM UTC] cURL Error #:Could not resolve host: api-eu1.tatum.io in Request
[19-Feb-2021 11:28:10 AM UTC] cURL Error #:Could not resolve host: api-eu1.tatum.io in Request
[22-Feb-2021 09:09:47 AM UTC] cURL Error #:Could not resolve host: api-eu1.tatum.io in Request
[22-Feb-2021 10:17:16 AM UTC] cURL Error #:Resolving timed out after 30001 milliseconds in Request
[22-Feb-2021 10:17:46 AM UTC] cURL Error #:Resolving timed out after 30000 milliseconds in Request
[22-Feb-2021 10:18:21 AM UTC] cURL Error #:Resolving timed out after 30003 milliseconds in Request
[22-Feb-2021 10:18:51 AM UTC] cURL Error #:Resolving timed out after 30000 milliseconds in Request
[22-Feb-2021 11:07:24 PM UTC] cURL Error #:Could not resolve host: api-eu1.tatum.io in Request
[22-Feb-2021 11:08:09 PM UTC] cURL Error #:Could not resolve host: api-eu1.tatum.io in Request
[23-Feb-2021 11:24:07 AM UTC] cURL Error #:Resolving timed out after 30004 milliseconds in Request
[23-Feb-2021 11:25:34 AM UTC] cURL Error #:Operation timed out after 30003 milliseconds with 0 bytes received in Request
[23-Feb-2021 11:26:19 AM UTC] cURL Error #:OpenSSL SSL_connect: Connection reset by peer in connection to api-eu1.tatum.io:443  in Request
[24-Feb-2021 09:43:06 PM UTC] cURL Error #:Could not resolve host: api-eu1.tatum.io in Request
[24-Feb-2021 09:43:56 PM UTC] cURL Error #:Could not resolve host: api-eu1.tatum.io in Request
[24-Feb-2021 09:45:24 PM UTC] cURL Error #:Operation timed out after 30000 milliseconds with 0 out of 0 bytes received in Request
[25-Feb-2021 01:21:07 PM UTC] cURL Error #:Resolving timed out after 30004 milliseconds in Request
[27-Feb-2021 05:30:17 PM UTC] cURL Error #:Operation timed out after 30003 milliseconds with 0 bytes received in Request
[27-Feb-2021 05:30:46 PM UTC] cURL Error #:OpenSSL SSL_connect: Connection reset by peer in connection to api-eu1.tatum.io:443  in Request
[05-Mar-2021 12:27:24 AM UTC] cURL Error #:Could not resolve host: api-eu1.tatum.io in Request
[05-Mar-2021 12:27:58 AM UTC] cURL Error #:Could not resolve host: api-eu1.tatum.io in Request
